This file contains any messages produced by compilers while
running configure, to aid debugging if configure makes a mistake.

It was created by configure, which was
generated by GNU Autoconf 2.52.20121002.  Invocation command line was

  $ ./configure 

## ---------- ##
## Platform.  ##
## ---------- ##

hostname = nora-pc
uname -m = x86_64
uname -r = 5.0.9-2-MANJARO
uname -s = Linux
uname -v = #1 SMP PREEMPT Sun Apr 21 07:11:08 UTC 2019

/usr/bin/uname -p = unknown
/bin/uname -X     = unknown

/bin/arch              = unknown
/usr/bin/arch -k       = unknown
/usr/convex/getsysinfo = unknown
hostinfo               = unknown
/bin/machine           = unknown
/usr/bin/oslevel       = unknown
/bin/universe          = unknown

PATH = /usr/local/sbin:/usr/local/bin:/usr/bin:/usr/lib/jvm/default/bin:/usr/bin/site_perl:/usr/bin/vendor_perl:/usr/bin/core_perl

## ------------ ##
## Core tests.  ##
## ------------ ##

configure:1078: PATH=".;."; conftest.sh
./configure: line 1079: conftest.sh: command not found
configure:1081: $? = 127
configure:1123: checking build system type
configure:1141: result: x86_64-unknown-linux-gnu
configure:1149: checking host system type
configure:1163: result: x86_64-unknown-linux-gnu
configure:1189: result: Configuring for linux-gnu
configure:1255: checking for gcc
configure:1270: found /usr/bin/gcc
configure:1278: result: gcc
configure:1506: checking for C compiler version
configure:1509: gcc --version </dev/null >&5
gcc (GCC) 8.3.0
Copyright (C) 2018 Free Software Foundation, Inc.
This is free software; see the source for copying conditions.  There is NO
warranty; not even for MERCHANTABILITY or FITNESS FOR A PARTICULAR PURPOSE.

configure:1512: $? = 0
configure:1514: gcc -v </dev/null >&5
Using built-in specs.
COLLECT_GCC=gcc
COLLECT_LTO_WRAPPER=/usr/lib/gcc/x86_64-pc-linux-gnu/8.3.0/lto-wrapper
Target: x86_64-pc-linux-gnu
Configured with: /build/gcc/src/gcc/configure --prefix=/usr --libdir=/usr/lib --libexecdir=/usr/lib --mandir=/usr/share/man --infodir=/usr/share/info --with-bugurl=https://bugs.archlinux.org/ --enable-languages=c,c++,ada,fortran,go,lto,objc,obj-c++ --enable-shared --enable-threads=posix --enable-libmpx --with-system-zlib --with-isl --enable-__cxa_atexit --disable-libunwind-exceptions --enable-clocale=gnu --disable-libstdcxx-pch --disable-libssp --enable-gnu-unique-object --enable-linker-build-id --enable-lto --enable-plugin --enable-install-libiberty --with-linker-hash-style=gnu --enable-gnu-indirect-function --enable-multilib --disable-werror --enable-checking=release --enable-default-pie --enable-default-ssp --enable-cet=auto
Thread model: posix
gcc version 8.3.0 (GCC) 
configure:1517: $? = 0
configure:1519: gcc -V </dev/null >&5
gcc: error: unrecognized command line option '-V'
gcc: fatal error: no input files
compilation terminated.
configure:1522: $? = 1
configure:1542: checking for C compiler default output
configure:1545: gcc    conftest.c  >&5
configure:1548: $? = 0
configure:1577: result: a.out
configure:1582: checking whether the C compiler works
configure:1588: ./a.out
configure:1591: $? = 0
configure:1606: result: yes
configure:1613: checking whether we are cross compiling
configure:1615: result: no
configure:1618: checking for executable suffix
configure:1620: gcc -o conftest    conftest.c  >&5
configure:1623: $? = 0
configure:1645: result: 
configure:1651: checking for object suffix
configure:1669: gcc -c   conftest.c >&5
configure:1672: $? = 0
configure:1691: result: o
configure:1695: checking whether we are using the GNU C compiler
configure:1716: gcc -c   conftest.c >&5
configure:1719: $? = 0
configure:1722: test -s conftest.o
configure:1725: $? = 0
configure:1737: result: yes
configure:1743: checking whether gcc accepts -g
configure:1761: gcc -c -g  conftest.c >&5
configure:1764: $? = 0
configure:1767: test -s conftest.o
configure:1770: $? = 0
configure:1780: result: yes
configure:1807: gcc -c -g -O2  conftest.c >&5
conftest.c:2:3: error: unknown type name 'choke'
   choke me
   ^~~~~
conftest.c:2:3: error: expected '=', ',', ';', 'asm' or '__attribute__' at end of input
configure:1810: $? = 1
configure: failed program was:
#ifndef __cplusplus
  choke me
#endif
configure:1911: checking version of gcc
configure:1915: result: 8.3.0
configure:1919: checking for gcc option to accept ANSI C
configure:1976: gcc  -c -g -O2  conftest.c >&5
configure:1979: $? = 0
configure:1982: test -s conftest.o
configure:1985: $? = 0
configure:2002: result: none needed
configure:2013: checking $CC variable
configure:2105: result: ok
configure:2116: checking how to run the C preprocessor
configure:2142: gcc -E  conftest.c
configure:2148: $? = 0
configure:2175: gcc -E  conftest.c
configure:2172:10: fatal error: ac_nonexistent.h: No such file or directory
 #include "confdefs.h"
          ^~~~~~~~~~~~      
compilation terminated.
configure:2181: $? = 1
configure: failed program was:
#line 2171 "configure"
#include "confdefs.h"
#include <ac_nonexistent.h>
configure:2218: result: gcc -E
configure:2233: gcc -E  conftest.c
configure:2239: $? = 0
configure:2266: gcc -E  conftest.c
configure:2263:10: fatal error: ac_nonexistent.h: No such file or directory
 #include "confdefs.h"
          ^~~~~~~~~~~~      
compilation terminated.
configure:2272: $? = 1
configure: failed program was:
#line 2262 "configure"
#include "confdefs.h"
#include <ac_nonexistent.h>
configure:2316: checking for mawk
configure:2342: result: no
configure:2316: checking for gawk
configure:2331: found /usr/bin/gawk
configure:2339: result: gawk
configure:2351: checking for groff
configure:2368: found /usr/bin/groff
configure:2380: result: /usr/bin/groff
configure:2408: checking for a BSD compatible install
configure:2457: result: /usr/bin/install -c
configure:2468: checking whether ln -s works
configure:2472: result: yes
configure:2496: checking for tdlint
configure:2522: result: no
configure:2496: checking for lint
configure:2522: result: no
configure:2496: checking for alint
configure:2522: result: no
configure:2569: checking if we must define _GNU_SOURCE
configure:2591: gcc -c -g -O2  conftest.c >&5
configure: In function 'main':
configure:2583:1: error: unknown type name 'make'
 #ifndef _XOPEN_SOURCE
 ^~~~
configure:2583:9: error: expected '=', ',', ';', 'asm' or '__attribute__' before 'error'
 #ifndef _XOPEN_SOURCE
         ^~~~~
configure:2594: $? = 1
configure: failed program was:
#line 2576 "configure"
#include "confdefs.h"
#include <sys/types.h>
int
main ()
{

#ifndef _XOPEN_SOURCE
make an error
#endif
  ;
  return 0;
}
configure:2624: gcc -c -g -O2  -D_GNU_SOURCE conftest.c >&5
configure: In function 'main':
configure:2616:1: error: unknown type name 'make'
 #ifdef _XOPEN_SOURCE
 ^~~~
configure:2616:9: error: expected '=', ',', ';', 'asm' or '__attribute__' before 'error'
 #ifdef _XOPEN_SOURCE
         ^~~~~
configure:2627: $? = 1
configure: failed program was:
#line 2609 "configure"
#include "confdefs.h"
#include <sys/types.h>
int
main ()
{

#ifdef _XOPEN_SOURCE
make an error
#endif
  ;
  return 0;
}
configure:2648: result: yes
configure:3425: checking if _XOPEN_SOURCE really is set
configure:3443: gcc -c -g -O2  -D_GNU_SOURCE conftest.c >&5
configure:3446: $? = 0
configure:3449: test -s conftest.o
configure:3452: $? = 0
configure:3461: result: yes
configure:3481: gcc -c -g -O2  -D_GNU_SOURCE conftest.c >&5
configure:3484: $? = 0
configure:3487: test -s conftest.o
configure:3490: $? = 0
configure:3691: checking if SIGWINCH is defined
configure:3713: gcc -c -g -O2  -D_GNU_SOURCE conftest.c >&5
configure:3716: $? = 0
configure:3719: test -s conftest.o
configure:3722: $? = 0
configure:3770: result: yes
configure:3852: checking for ncurses/curses.h
configure:3862: gcc -E  -D_GNU_SOURCE conftest.c
configure:3859:10: fatal error: ncurses/curses.h: No such file or directory
 #include "confdefs.h"
          ^~~~~~~~~~~~      
compilation terminated.
configure:3868: $? = 1
configure: failed program was:
#line 3858 "configure"
#include "confdefs.h"
#include <ncurses/curses.h>
configure:3887: result: no
configure:3852: checking for ncurses/term.h
configure:3862: gcc -E  -D_GNU_SOURCE conftest.c
configure:3859:10: fatal error: ncurses/term.h: No such file or directory
 #include "confdefs.h"
          ^~~~~~~~~~~~    
compilation terminated.
configure:3868: $? = 1
configure: failed program was:
#line 3858 "configure"
#include "confdefs.h"
#include <ncurses/term.h>
configure:3887: result: no
configure:3852: checking for stdlib.h
configure:3862: gcc -E  -D_GNU_SOURCE conftest.c
configure:3868: $? = 0
configure:3887: result: yes
configure:3852: checking for sys/ptem.h
configure:3862: gcc -E  -D_GNU_SOURCE conftest.c
configure:3859:10: fatal error: sys/ptem.h: No such file or directory
 #include "confdefs.h"
          ^~~~~~~~~~~~
compilation terminated.
configure:3868: $? = 1
configure: failed program was:
#line 3858 "configure"
#include "confdefs.h"
#include <sys/ptem.h>
configure:3887: result: no
configure:3852: checking for sys/ttydefaults.h
configure:3862: gcc -E  -D_GNU_SOURCE conftest.c
configure:3868: $? = 0
configure:3887: result: yes
configure:3852: checking for term.h
configure:3862: gcc -E  -D_GNU_SOURCE conftest.c
configure:3868: $? = 0
configure:3887: result: yes
configure:3852: checking for termios.h
configure:3862: gcc -E  -D_GNU_SOURCE conftest.c
configure:3868: $? = 0
configure:3887: result: yes
configure:3852: checking for unistd.h
configure:3862: gcc -E  -D_GNU_SOURCE conftest.c
configure:3868: $? = 0
configure:3887: result: yes
configure:3852: checking for wchar.h
configure:3862: gcc -E  -D_GNU_SOURCE conftest.c
configure:3868: $? = 0
configure:3887: result: yes
configure:3897: checking whether time.h and sys/time.h may both be included
configure:3919: gcc -c -g -O2  -D_GNU_SOURCE conftest.c >&5
configure:3922: $? = 0
configure:3925: test -s conftest.o
configure:3928: $? = 0
configure:3938: result: yes
configure:3948: checking for nl_langinfo and CODESET
configure:3966: gcc -o conftest -g -O2  -D_GNU_SOURCE  conftest.c  >&5
configure:3969: $? = 0
configure:3972: test -s conftest
configure:3975: $? = 0
configure:3986: result: yes
configure:3998: checking for signal global datatype
configure:4033: gcc -c -g -O2  -D_GNU_SOURCE conftest.c >&5
configure:4036: $? = 0
configure:4039: test -s conftest.o
configure:4042: $? = 0
configure:4056: result: volatile sig_atomic_t
configure:4063: checking for ANSI C header files
configure:4077: gcc -E  -D_GNU_SOURCE conftest.c
configure:4083: $? = 0
configure:4170: gcc -o conftest -g -O2  -D_GNU_SOURCE  conftest.c  >&5
configure:4173: $? = 0
configure:4175: ./conftest
configure:4178: $? = 0
configure:4191: result: yes
configure:4207: checking for sys/types.h
configure:4219: gcc -c -g -O2  -D_GNU_SOURCE conftest.c >&5
configure:4222: $? = 0
configure:4225: test -s conftest.o
configure:4228: $? = 0
configure:4238: result: yes
configure:4207: checking for sys/stat.h
configure:4219: gcc -c -g -O2  -D_GNU_SOURCE conftest.c >&5
configure:4222: $? = 0
configure:4225: test -s conftest.o
configure:4228: $? = 0
configure:4238: result: yes
configure:4207: checking for stdlib.h
configure:4238: result: yes
configure:4207: checking for string.h
configure:4219: gcc -c -g -O2  -D_GNU_SOURCE conftest.c >&5
configure:4222: $? = 0
configure:4225: test -s conftest.o
configure:4228: $? = 0
configure:4238: result: yes
configure:4207: checking for memory.h
configure:4219: gcc -c -g -O2  -D_GNU_SOURCE conftest.c >&5
configure:4222: $? = 0
configure:4225: test -s conftest.o
configure:4228: $? = 0
configure:4238: result: yes
configure:4207: checking for strings.h
configure:4219: gcc -c -g -O2  -D_GNU_SOURCE conftest.c >&5
configure:4222: $? = 0
configure:4225: test -s conftest.o
configure:4228: $? = 0
configure:4238: result: yes
configure:4207: checking for inttypes.h
configure:4219: gcc -c -g -O2  -D_GNU_SOURCE conftest.c >&5
configure:4222: $? = 0
configure:4225: test -s conftest.o
configure:4228: $? = 0
configure:4238: result: yes
configure:4207: checking for stdint.h
configure:4219: gcc -c -g -O2  -D_GNU_SOURCE conftest.c >&5
configure:4222: $? = 0
configure:4225: test -s conftest.o
configure:4228: $? = 0
configure:4238: result: yes
configure:4207: checking for unistd.h
configure:4238: result: yes
configure:4248: checking for time_t
configure:4269: gcc -c -g -O2  -D_GNU_SOURCE conftest.c >&5
configure:4272: $? = 0
configure:4275: test -s conftest.o
configure:4278: $? = 0
configure:4288: result: yes
configure:4300: checking for cc_t in <termios.h> or <termio.h>
configure:4327: gcc -c -g -O2  -D_GNU_SOURCE conftest.c >&5
configure:4330: $? = 0
configure:4333: test -s conftest.o
configure:4336: $? = 0
configure:4348: result: yes
configure:4355: checking for mode_t
configure:4376: gcc -c -g -O2  -D_GNU_SOURCE conftest.c >&5
configure:4379: $? = 0
configure:4382: test -s conftest.o
configure:4385: $? = 0
configure:4395: result: yes
configure:4407: checking for pid_t
configure:4428: gcc -c -g -O2  -D_GNU_SOURCE conftest.c >&5
configure:4431: $? = 0
configure:4434: test -s conftest.o
configure:4437: $? = 0
configure:4447: result: yes
configure:4459: checking for uid_t in sys/types.h
configure:4479: result: yes
configure:4493: checking for off_t
configure:4514: gcc -c -g -O2  -D_GNU_SOURCE conftest.c >&5
configure:4517: $? = 0
configure:4520: test -s conftest.o
configure:4523: $? = 0
configure:4533: result: yes
configure:4561: checking for gethostname
configure:4598: gcc -o conftest -g -O2  -D_GNU_SOURCE  conftest.c  >&5
configure:4601: $? = 0
configure:4604: test -s conftest
configure:4607: $? = 0
configure:4617: result: yes
configure:4561: checking for getlogin
configure:4598: gcc -o conftest -g -O2  -D_GNU_SOURCE  conftest.c  >&5
configure:4601: $? = 0
configure:4604: test -s conftest
configure:4607: $? = 0
configure:4617: result: yes
configure:4561: checking for putenv
configure:4598: gcc -o conftest -g -O2  -D_GNU_SOURCE  conftest.c  >&5
configure:4601: $? = 0
configure:4604: test -s conftest
configure:4607: $? = 0
configure:4617: result: yes
configure:4561: checking for unsetenv
configure:4598: gcc -o conftest -g -O2  -D_GNU_SOURCE  conftest.c  >&5
configure:4601: $? = 0
configure:4604: test -s conftest
configure:4607: $? = 0
configure:4617: result: yes
configure:4561: checking for sched_yield
configure:4598: gcc -o conftest -g -O2  -D_GNU_SOURCE  conftest.c  >&5
configure:4601: $? = 0
configure:4604: test -s conftest
configure:4607: $? = 0
configure:4617: result: yes
configure:4561: checking for setpgid
configure:4598: gcc -o conftest -g -O2  -D_GNU_SOURCE  conftest.c  >&5
configure:4601: $? = 0
configure:4604: test -s conftest
configure:4607: $? = 0
configure:4617: result: yes
configure:4561: checking for strftime
configure:4598: gcc -o conftest -g -O2  -D_GNU_SOURCE  conftest.c  >&5
configure:4577:6: warning: conflicting types for built-in function 'strftime' [-Wbuiltin-declaration-mismatch]
    builtin and then its argument prototype would still apply.  */
      ^~~~~~~~
configure:4601: $? = 0
configure:4604: test -s conftest
configure:4607: $? = 0
configure:4617: result: yes
configure:4561: checking for tcgetattr
configure:4598: gcc -o conftest -g -O2  -D_GNU_SOURCE  conftest.c  >&5
configure:4601: $? = 0
configure:4604: test -s conftest
configure:4607: $? = 0
configure:4617: result: yes
configure:4561: checking for waitpid
configure:4598: gcc -o conftest -g -O2  -D_GNU_SOURCE  conftest.c  >&5
configure:4601: $? = 0
configure:4604: test -s conftest
configure:4607: $? = 0
configure:4617: result: yes
configure:4561: checking for wcswidth
configure:4598: gcc -o conftest -g -O2  -D_GNU_SOURCE  conftest.c  >&5
configure:4601: $? = 0
configure:4604: test -s conftest
configure:4607: $? = 0
configure:4617: result: yes
configure:4561: checking for wcwidth
configure:4598: gcc -o conftest -g -O2  -D_GNU_SOURCE  conftest.c  >&5
configure:4601: $? = 0
configure:4604: test -s conftest
configure:4607: $? = 0
configure:4617: result: yes
configure:4630: checking for lastlog.h
configure:4640: gcc -E  -D_GNU_SOURCE conftest.c
configure:4646: $? = 0
configure:4665: result: yes
configure:4630: checking for paths.h
configure:4640: gcc -E  -D_GNU_SOURCE conftest.c
configure:4646: $? = 0
configure:4665: result: yes
configure:4675: checking for lastlog path
configure:4702: gcc -c -g -O2  -D_GNU_SOURCE conftest.c >&5
configure:4705: $? = 0
configure:4708: test -s conftest.o
configure:4711: $? = 0
configure:4726: result: _PATH_LASTLOG
configure:4733: checking for utmp implementation
configure:4764: gcc -c -g -O2  -D_GNU_SOURCE conftest.c >&5
configure:4754:18: error: conflicting types for 'getutxent'
 main ()
                  ^        
In file included from configure:4753:
/usr/include/utmpx.h:65:22: note: previous declaration of 'getutxent' was here
 extern struct utmpx *getutxent (void);
                      ^~~~~~~~~
configure:4767: $? = 1
configure: failed program was:
#line 4750 "configure"
#include "confdefs.h"

#include <sys/types.h>
#include <utmpx.h>
#define getutent getutxent
#ifdef USE_LASTLOG
#include <lastlog.h>	/* may conflict with utmpx.h on Linux */
#endif

int
main ()
{
struct utmpx x;
	 char *name = x.ut_name; /* utmp.h and compatible definitions */

  ;
  return 0;
}
configure:4796: gcc -c -g -O2  -D_GNU_SOURCE conftest.c >&5
configure:4786:18: error: conflicting types for 'getutxent'
 main ()
                  ^        
In file included from configure:4785:
/usr/include/utmpx.h:65:22: note: previous declaration of 'getutxent' was here
 extern struct utmpx *getutxent (void);
                      ^~~~~~~~~
configure:4799: $? = 1
configure: failed program was:
#line 4782 "configure"
#include "confdefs.h"

#include <sys/types.h>
#include <utmpx.h>
#define getutent getutxent
#ifdef USE_LASTLOG
#include <lastlog.h>	/* may conflict with utmpx.h on Linux */
#endif

int
main ()
{
struct utmpx x;
	 char *name = x.ut_user; /* utmpx.h must declare this */

  ;
  return 0;
}
configure:4764: gcc -c -g -O2  -D_GNU_SOURCE conftest.c >&5
configure:4767: $? = 0
configure:4770: test -s conftest.o
configure:4773: $? = 0
configure:4820: result: utmp
configure:4835: checking if utmp.ut_host is declared
configure:4856: gcc -c -g -O2  -D_GNU_SOURCE conftest.c >&5
configure:4859: $? = 0
configure:4862: test -s conftest.o
configure:4865: $? = 0
configure:4877: result: yes
configure:4887: checking if utmp.ut_syslen is declared
configure:4908: gcc -c -g -O2  -D_GNU_SOURCE conftest.c >&5
configure: In function 'main':
configure:4901:26: error: 'struct utmp' has no member named 'ut_syslen'; did you mean 'ut_type'?
 {
                          ^        
                          ut_type
configure:4911: $? = 1
configure: failed program was:
#line 4894 "configure"
#include "confdefs.h"

#include <sys/types.h>
#include <utmp.h>
int
main ()
{
struct utmp x; int y = x.ut_syslen
  ;
  return 0;
}
configure:4929: result: no
configure:4939: checking if utmp.ut_name is declared
configure:4970: gcc -c -g -O2  -D_GNU_SOURCE conftest.c >&5
configure:4973: $? = 0
configure:4976: test -s conftest.o
configure:4979: $? = 0
configure:4991: result: ut_name
configure:5011: checking for exit-status in utmp
configure:5038: gcc -c -g -O2  -D_GNU_SOURCE conftest.c >&5
configure: In function 'main':
configure:5031:35: error: 'struct exit_status' has no member named '__e_exit'; did you mean 'e_exit'?
 {
                                   ^       
                                   e_exit
configure:5041: $? = 1
configure: failed program was:
#line 5024 "configure"
#include "confdefs.h"

#include <sys/types.h>
#include <utmp.h>
int
main ()
{
struct utmp x; long y = x.ut_exit.__e_exit = 0
  ;
  return 0;
}
configure:5038: gcc -c -g -O2  -D_GNU_SOURCE conftest.c >&5
configure:5041: $? = 0
configure:5044: test -s conftest.o
configure:5047: $? = 0
configure:5060: result: ut_exit.e_exit
configure:5076: checking if utmp.ut_xtime is declared
configure:5097: gcc -c -g -O2  -D_GNU_SOURCE conftest.c >&5
configure:5100: $? = 0
configure:5103: test -s conftest.o
configure:5106: $? = 0
configure:5150: result: yes
configure:5169: checking if utmp.ut_session is declared
configure:5190: gcc -c -g -O2  -D_GNU_SOURCE conftest.c >&5
configure:5193: $? = 0
configure:5196: test -s conftest.o
configure:5199: $? = 0
configure:5210: result: yes
configure:5221: checking if utmp is SYSV flavor
configure:5248: gcc -o conftest -g -O2  -D_GNU_SOURCE  conftest.c  >&5
configure:5251: $? = 0
configure:5254: test -s conftest
configure:5257: $? = 0
configure:5268: result: yes
configure:5280: checking for lastlog.h
configure:5315: result: yes
configure:5325: checking for struct lastlog
configure:5350: gcc -o conftest -g -O2  -D_GNU_SOURCE  conftest.c  >&5
configure:5353: $? = 0
configure:5355: ./conftest
configure:5358: $? = 1
configure: program exited with status 1
configure: failed program was:
#line 5336 "configure"
#include "confdefs.h"

#include <sys/types.h>
#include <time.h>
#include <lastlog.h>

int main()
{
	struct lastlog data;
	return (sizeof(data.ll_time) != sizeof(time_t));
}
configure:5372: result: no
configure:5385: checking for sys/param.h
configure:5395: gcc -E  -D_GNU_SOURCE conftest.c
configure:5401: $? = 0
configure:5420: result: yes
configure:5430: checking if POSIX saved-ids are supported
configure:5465: gcc -o conftest -g -O2  -D_GNU_SOURCE  conftest.c  >&5
configure:5468: $? = 0
configure:5471: test -s conftest
configure:5474: $? = 0
configure:5525: result: yes
configure:5551: checking if we want full tgetent function
configure:5568: result: yes
configure:5577: checking for full tgetent function
configure:5614: gcc -o conftest -g -O2  -D_GNU_SOURCE  conftest.c  >&5
configure: In function 'main':
configure:5609:2: warning: implicit declaration of function 'tgetent' [-Wimplicit-function-declaration]
  buffer[0] = 0;
  ^~~~~~~
/usr/bin/ld: /tmp/ccZYBc7H.o: in function `main':
/home/nora/src/xterm/configure:5609: undefined reference to `tgetent'
collect2: error: ld returned 1 exit status
configure:5617: $? = 1
configure: program exited with status 1
configure: failed program was:
#line 5599 "configure"
#include "confdefs.h"

/* terminfo implementations ignore the buffer argument, making it useless for
 * the xterm application, which uses this information to make a new TERMCAP
 * environment variable.
 */
int main()
{
	char buffer[1024];
	buffer[0] = 0;
	tgetent(buffer, "vt100");
	return (buffer[0] == 0); }
no, there is no termcap/tgetent in 
configure:5614: gcc -o conftest -g -O2  -D_GNU_SOURCE  conftest.c -lotermcap  >&5
configure: In function 'main':
configure:5609:2: warning: implicit declaration of function 'tgetent' [-Wimplicit-function-declaration]
  buffer[0] = 0;
  ^~~~~~~
/usr/bin/ld: cannot find -lotermcap
collect2: error: ld returned 1 exit status
configure:5617: $? = 1
configure: program exited with status 1
configure: failed program was:
#line 5599 "configure"
#include "confdefs.h"

/* terminfo implementations ignore the buffer argument, making it useless for
 * the xterm application, which uses this information to make a new TERMCAP
 * environment variable.
 */
int main()
{
	char buffer[1024];
	buffer[0] = 0;
	tgetent(buffer, "vt100");
	return (buffer[0] == 0); }
no, there is no termcap/tgetent in otermcap
configure:5614: gcc -o conftest -g -O2  -D_GNU_SOURCE  conftest.c -ltermcap  >&5
configure: In function 'main':
configure:5609:2: warning: implicit declaration of function 'tgetent' [-Wimplicit-function-declaration]
  buffer[0] = 0;
  ^~~~~~~
/usr/bin/ld: cannot find -ltermcap
collect2: error: ld returned 1 exit status
configure:5617: $? = 1
configure: program exited with status 1
configure: failed program was:
#line 5599 "configure"
#include "confdefs.h"

/* terminfo implementations ignore the buffer argument, making it useless for
 * the xterm application, which uses this information to make a new TERMCAP
 * environment variable.
 */
int main()
{
	char buffer[1024];
	buffer[0] = 0;
	tgetent(buffer, "vt100");
	return (buffer[0] == 0); }
no, there is no termcap/tgetent in termcap
configure:5614: gcc -o conftest -g -O2  -D_GNU_SOURCE  conftest.c -ltermlib  >&5
configure: In function 'main':
configure:5609:2: warning: implicit declaration of function 'tgetent' [-Wimplicit-function-declaration]
  buffer[0] = 0;
  ^~~~~~~
/usr/bin/ld: cannot find -ltermlib
collect2: error: ld returned 1 exit status
configure:5617: $? = 1
configure: program exited with status 1
configure: failed program was:
#line 5599 "configure"
#include "confdefs.h"

/* terminfo implementations ignore the buffer argument, making it useless for
 * the xterm application, which uses this information to make a new TERMCAP
 * environment variable.
 */
int main()
{
	char buffer[1024];
	buffer[0] = 0;
	tgetent(buffer, "vt100");
	return (buffer[0] == 0); }
no, there is no termcap/tgetent in termlib
configure:5614: gcc -o conftest -g -O2  -D_GNU_SOURCE  conftest.c -lncurses  >&5
configure: In function 'main':
configure:5609:2: warning: implicit declaration of function 'tgetent' [-Wimplicit-function-declaration]
  buffer[0] = 0;
  ^~~~~~~
configure:5617: $? = 0
configure:5619: ./conftest
configure:5622: $? = 1
configure: program exited with status 1
configure: failed program was:
#line 5599 "configure"
#include "confdefs.h"

/* terminfo implementations ignore the buffer argument, making it useless for
 * the xterm application, which uses this information to make a new TERMCAP
 * environment variable.
 */
int main()
{
	char buffer[1024];
	buffer[0] = 0;
	tgetent(buffer, "vt100");
	return (buffer[0] == 0); }
no, there is no termcap/tgetent in ncurses
configure:5614: gcc -o conftest -g -O2  -D_GNU_SOURCE  conftest.c -lcurses  >&5
configure: In function 'main':
configure:5609:2: warning: implicit declaration of function 'tgetent' [-Wimplicit-function-declaration]
  buffer[0] = 0;
  ^~~~~~~
configure:5617: $? = 0
configure:5619: ./conftest
configure:5622: $? = 1
configure: program exited with status 1
configure: failed program was:
#line 5599 "configure"
#include "confdefs.h"

/* terminfo implementations ignore the buffer argument, making it useless for
 * the xterm application, which uses this information to make a new TERMCAP
 * environment variable.
 */
int main()
{
	char buffer[1024];
	buffer[0] = 0;
	tgetent(buffer, "vt100");
	return (buffer[0] == 0); }
no, there is no termcap/tgetent in curses
configure:5643: result: no
configure:5752: checking for partial tgetent function
configure:5774: gcc -o conftest -g -O2  -D_GNU_SOURCE  conftest.c  -lotermcap >&5
configure: In function 'main':
configure:5767:1: warning: implicit declaration of function 'tgetent' [-Wimplicit-function-declaration]
 {
 ^      
/usr/bin/ld: cannot find -lotermcap
collect2: error: ld returned 1 exit status
configure:5777: $? = 1
configure: failed program was:
#line 5762 "configure"
#include "confdefs.h"

int
main ()
{
tgetent(0, "vt100")
  ;
  return 0;
}
configure:5774: gcc -o conftest -g -O2  -D_GNU_SOURCE  conftest.c  -ltermcap >&5
configure: In function 'main':
configure:5767:1: warning: implicit declaration of function 'tgetent' [-Wimplicit-function-declaration]
 {
 ^      
/usr/bin/ld: cannot find -ltermcap
collect2: error: ld returned 1 exit status
configure:5777: $? = 1
configure: failed program was:
#line 5762 "configure"
#include "confdefs.h"

int
main ()
{
tgetent(0, "vt100")
  ;
  return 0;
}
configure:5774: gcc -o conftest -g -O2  -D_GNU_SOURCE  conftest.c  -ltermlib >&5
configure: In function 'main':
configure:5767:1: warning: implicit declaration of function 'tgetent' [-Wimplicit-function-declaration]
 {
 ^      
/usr/bin/ld: cannot find -ltermlib
collect2: error: ld returned 1 exit status
configure:5777: $? = 1
configure: failed program was:
#line 5762 "configure"
#include "confdefs.h"

int
main ()
{
tgetent(0, "vt100")
  ;
  return 0;
}
configure:5774: gcc -o conftest -g -O2  -D_GNU_SOURCE  conftest.c  -lncurses >&5
configure: In function 'main':
configure:5767:1: warning: implicit declaration of function 'tgetent' [-Wimplicit-function-declaration]
 {
 ^      
configure:5777: $? = 0
configure:5780: test -s conftest
configure:5783: $? = 0
there is a terminfo/tgetent in ncurses
configure:5797: result: -lncurses
configure:5806: checking for termcap.h
configure:5816: gcc -E  -D_GNU_SOURCE conftest.c
configure:5822: $? = 0
configure:5841: result: yes
configure:5861: checking for X applications class
configure:5887: result: XTerm
configure:5890: checking for directory to install resource files
configure:5960: result: ${exec_prefix}/lib/X11/app-defaults
configure:5971: checking for the icon name
configure:5986: result: xterm-color
configure:5989: checking for directory to install pixmaps
configure:6047: result: ${datadir}/pixmaps
configure:6058: checking for directory to install icons
configure:6116: result: no
configure:6127: checking if icon theme should be used
configure:6145: result: no
configure:6177: checking for icon(s) to install
configure:6183: testing using .svg .png .xpm ...
configure:6258: result: icons/xterm-color_48x48.xpm
configure:6268: checking for icon name
configure:6270: result: xterm-color
configure:6274: checking if you want to install desktop files
configure:6291: result: yes
configure:6298: checking for desktop-file-install
configure:6313: found /usr/bin/desktop-file-install
configure:6322: result: yes
configure:6335: checking for requested desktop-category
configure:6345: result: auto
configure:6368: testing inspect /usr/share/applications/deepin-terminal.desktop ...
configure:6368: testing inspect /usr/share/applications/xfce4-terminal.desktop ...
configure:6368: testing inspect /usr/share/applications/xterm.desktop ...
configure:6422: testing will use Categories=DDE;System;TerminalEmulator;Utility; ...
configure:6426: checking for install-permissions reference
configure:6436: result: xterm
configure:6441: checking for PATH separator
configure:6448: result: :
configure:6456: checking for xterm
configure:6473: found /usr/bin/xterm
configure:6484: result: /usr/bin/xterm
configure:6546: testing defining path for /usr/bin/xterm ...
configure:6567: checking for symbolic link to create to xterm
configure:6577: result: xterm
configure:6586: checking if you want to disable setuid
configure:6603: result: no
configure:6606: checking if you want to disable setgid
configure:6623: result: no
configure:6626: checking if you want to run xterm setuid to a given user
configure:6636: result: no
configure:6649: checking if you want to run xterm setgid to match utmp/utmpx file
configure:6659: result: no
configure:6732: checking if you want to link with utempter
configure:6742: result: no
configure:6826: checking if external errno is declared
configure:6851: gcc -c -g -O2  -D_GNU_SOURCE conftest.c >&5
configure:6854: $? = 0
configure:6857: test -s conftest.o
configure:6860: $? = 0
configure:6871: result: yes
configure:6886: checking if external errno exists
configure:6908: gcc -o conftest -g -O2  -D_GNU_SOURCE  conftest.c -lncurses  >&5
/usr/bin/ld: errno: TLS definition in /usr/lib/libc.so.6 section .tbss mismatches non-TLS reference in /tmp/ccZW9AL2.o
/usr/bin/ld: /usr/lib/libc.so.6: error adding symbols: bad value
collect2: error: ld returned 1 exit status
configure:6911: $? = 1
configure: failed program was:
#line 6893 "configure"
#include "confdefs.h"

#undef errno
extern int errno;

int
main ()
{
errno = 2
  ;
  return 0;
}
configure:6928: result: no
configure:6941: checking for explicit tty group name
configure:6953: result: auto...
configure:6957: checking for tty group name
configure:7010: result: tty
configure:7030: checking if we may use the tty group
configure:7069: gcc -o conftest -g -O2  -D_GNU_SOURCE  conftest.c -lncurses  >&5
configure:7072: $? = 0
configure:7074: ./conftest
configure:7077: $? = 0
configure:7095: result: yes
configure:7110: checking for sys/wait.h that is POSIX.1 compatible
configure:7138: gcc -c -g -O2  -D_GNU_SOURCE conftest.c >&5
configure:7141: $? = 0
configure:7144: test -s conftest.o
configure:7147: $? = 0
configure:7157: result: yes
configure:7167: checking for POSIX wait functions
configure:7197: gcc -o conftest -g -O2  -D_GNU_SOURCE  conftest.c -lncurses  >&5
configure:7200: $? = 0
configure:7203: test -s conftest
configure:7206: $? = 0
configure:7217: result: yes
configure:7224: checking if external sys_nerr is declared
configure:7249: gcc -c -g -O2  -D_GNU_SOURCE conftest.c >&5
configure:7252: $? = 0
configure:7255: test -s conftest.o
configure:7258: $? = 0
configure:7269: result: yes
configure:7284: checking if external sys_nerr exists
configure:7306: gcc -o conftest -g -O2  -D_GNU_SOURCE  conftest.c -lncurses  >&5
/usr/bin/ld: /tmp/ccw6g6JZ.o: in function `main':
/home/nora/src/xterm/configure:7299: warning: `sys_nerr' is deprecated; use `strerror' or `strerror_r' instead
configure:7309: $? = 0
configure:7312: test -s conftest
configure:7315: $? = 0
configure:7326: result: yes
configure:7339: checking if external sys_errlist is declared
configure:7364: gcc -c -g -O2  -D_GNU_SOURCE conftest.c >&5
configure: In function 'main':
configure:7357:9: warning: cast from pointer to integer of different size [-Wpointer-to-int-cast]
 {
         ^
configure:7367: $? = 0
configure:7370: test -s conftest.o
configure:7373: $? = 0
configure:7384: result: yes
configure:7399: checking if external sys_errlist exists
configure:7421: gcc -o conftest -g -O2  -D_GNU_SOURCE  conftest.c -lncurses  >&5
/usr/bin/ld: /tmp/cc2WiQHa.o: in function `main':
/home/nora/src/xterm/configure:7414: warning: `sys_errlist' is deprecated; use `strerror' or `strerror_r' instead
configure:7424: $? = 0
configure:7427: test -s conftest
configure:7430: $? = 0
configure:7441: result: yes
configure:7461: checking for termios.h
configure:7496: result: yes
configure:7461: checking for stdlib.h
configure:7496: result: yes
configure:7461: checking for X11/Intrinsic.h
configure:7471: gcc -E  -D_GNU_SOURCE conftest.c
configure:7477: $? = 0
configure:7496: result: yes
configure:7506: checking if we should define SYSV
configure:7557: gcc -c -g -O2  -D_GNU_SOURCE conftest.c >&5
configure:7532:10: fatal error: sys/termio.h: No such file or directory
 #include <errno.h>  /* declare sys_errlist on older systems */
          ^~~~~~~~~~~~~~
compilation terminated.
configure:7560: $? = 1
configure: failed program was:
#line 7513 "configure"
#include "confdefs.h"

#undef  SYSV
#define SYSV 1			/* get Xos.h to declare sys_errlist[] */
#ifdef HAVE_STDLIB_H
#include <stdlib.h>		/* look for wchar_t */
#endif
#ifdef HAVE_X11_INTRINSIC_H
#include <X11/Intrinsic.h>	/* Intrinsic.h has other traps... */
#endif
#ifdef HAVE_TERMIOS_H		/* needed for HPUX 10.20 */
#include <termios.h>
#define STRUCT_TERMIOS struct termios
#else
#define STRUCT_TERMIOS struct termio
#endif
#include <curses.h>
#include <term.h>		/* eliminate most BSD hacks */
#include <errno.h>		/* declare sys_errlist on older systems */
#include <sys/termio.h>		/* eliminate most of the remaining ones */

int
main ()
{

static STRUCT_TERMIOS d_tio;
	d_tio.c_cc[VINTR] = 0;
	d_tio.c_cc[VQUIT] = 0;
	d_tio.c_cc[VERASE] = 0;
	d_tio.c_cc[VKILL] = 0;
	d_tio.c_cc[VEOF] = 0;
	d_tio.c_cc[VEOL] = 0;
	d_tio.c_cc[VMIN] = 0;
	d_tio.c_cc[VTIME] = 0;
#if defined(HAVE_SYS_ERRLIST) && !defined(DECL_SYS_ERRLIST)
sys_errlist[0] = "";		/* Cygwin mis-declares this */
#endif

  ;
  return 0;
}
configure:7577: result: no
configure:7584: checking for elf_begin in -lelf
configure:7611: gcc -o conftest -g -O2  -D_GNU_SOURCE  conftest.c -lelf  -lncurses  >&5
configure:7614: $? = 0
configure:7617: test -s conftest
configure:7620: $? = 0
configure:7631: result: yes
configure:7635: checking if this is an SVR4 system
configure:7671: gcc -c -g -O2  -D_GNU_SOURCE conftest.c >&5
configure:7648:10: fatal error: sys/termio.h: No such file or directory
 #include <elf.h>
          ^~~~~~~       
compilation terminated.
configure:7674: $? = 1
configure: failed program was:
#line 7642 "configure"
#include "confdefs.h"

#if defined(__CYGWIN__)
make an error
#endif
#include <elf.h>
#include <sys/termio.h>

int
main ()
{

static struct termio d_tio;
	d_tio.c_cc[VINTR] = 0;
	d_tio.c_cc[VQUIT] = 0;
	d_tio.c_cc[VERASE] = 0;
	d_tio.c_cc[VKILL] = 0;
	d_tio.c_cc[VEOF] = 0;
	d_tio.c_cc[VEOL] = 0;
	d_tio.c_cc[VMIN] = 0;
	d_tio.c_cc[VTIME] = 0;
	d_tio.c_cc[VLNEXT] = 0;

  ;
  return 0;
}
configure:7691: result: no
configure:7701: checking for X
configure:7802: gcc -E  -D_GNU_SOURCE conftest.c
configure:7808: $? = 0
configure:7853: gcc -o conftest -g -O2  -D_GNU_SOURCE  conftest.c -lXt -lncurses  >&5
configure:7856: $? = 0
configure:7859: test -s conftest
configure:7862: $? = 0
configure:7910: result: libraries , headers 
configure:8049: gcc -o conftest -g -O2  -D_GNU_SOURCE  conftest.c -lncurses   -lX11 >&5
configure:8052: $? = 0
configure:8055: test -s conftest
configure:8058: $? = 0
configure:8184: checking for gethostbyname
configure:8221: gcc -o conftest -g -O2  -D_GNU_SOURCE  conftest.c -lncurses  >&5
configure:8224: $? = 0
configure:8227: test -s conftest
configure:8230: $? = 0
configure:8240: result: yes
configure:8361: checking for connect
configure:8398: gcc -o conftest -g -O2  -D_GNU_SOURCE  conftest.c -lncurses  >&5
configure:8401: $? = 0
configure:8404: test -s conftest
configure:8407: $? = 0
configure:8417: result: yes
configure:8477: checking for remove
configure:8514: gcc -o conftest -g -O2  -D_GNU_SOURCE  conftest.c -lncurses  >&5
configure:8517: $? = 0
configure:8520: test -s conftest
configure:8523: $? = 0
configure:8533: result: yes
configure:8593: checking for shmat
configure:8630: gcc -o conftest -g -O2  -D_GNU_SOURCE  conftest.c -lncurses  >&5
configure:8633: $? = 0
configure:8636: test -s conftest
configure:8639: $? = 0
configure:8649: result: yes
configure:8718: checking for IceConnectionNumber in -lICE
configure:8745: gcc -o conftest -g -O2  -D_GNU_SOURCE  conftest.c -lICE  -lncurses  >&5
configure:8748: $? = 0
configure:8751: test -s conftest
configure:8754: $? = 0
configure:8765: result: yes
configure:8775: checking if you want to use pkg-config
configure:8785: result: yes
configure:8837: checking for pkg-config
configure:8854: found /usr/bin/pkg-config
configure:8866: result: /usr/bin/pkg-config
configure:8925: testing found package xt ...
configure:8931: testing package xt CFLAGS:  ...
configure:8935: testing package xt LIBS: -lXt -lX11  ...
configure:9189: checking for usable X Toolkit package
configure:9211: gcc -o conftest -g -O2  -D_GNU_SOURCE  conftest.c -lXt -lX11  -lncurses  >&5
/usr/bin/ld: /tmp/ccTNwmyh.o: undefined reference to symbol 'IceConnectionNumber'
/usr/bin/ld: /usr/lib/libICE.so.6: error adding symbols: DSO missing from command line
collect2: error: ld returned 1 exit status
configure:9214: $? = 1
configure: failed program was:
#line 9196 "configure"
#include "confdefs.h"

#include <X11/Shell.h>

int
main ()
{
int num = IceConnectionNumber(0)

  ;
  return 0;
}
configure:9230: result: no
configure:9244: testing work around broken ICE dependency ...
configure:9249: testing found package ice ...
configure:9255: testing package ice CFLAGS:  ...
configure:9259: testing package ice LIBS: -lICE  ...
configure:9344: testing found package sm ...
configure:9350: testing package sm CFLAGS:  ...
configure:9354: testing package sm LIBS: -lSM  ...
configure:9864: checking for X11/DECkeysym.h
configure:9874: gcc -E  -D_GNU_SOURCE conftest.c
configure:9880: $? = 0
configure:9899: result: yes
configure:9864: checking for X11/Sunkeysym.h
configure:9874: gcc -E  -D_GNU_SOURCE conftest.c
configure:9880: $? = 0
configure:9899: result: yes
configure:9864: checking for X11/XF86keysym.h
configure:9874: gcc -E  -D_GNU_SOURCE conftest.c
configure:9880: $? = 0
configure:9899: result: yes
configure:9864: checking for X11/XKBlib.h
configure:9874: gcc -E  -D_GNU_SOURCE conftest.c
configure:9880: $? = 0
configure:9899: result: yes
configure:9864: checking for X11/Xpoll.h
configure:9874: gcc -E  -D_GNU_SOURCE conftest.c
configure:9880: $? = 0
configure:9899: result: yes
configure:9864: checking for X11/extensions/XKB.h
configure:9874: gcc -E  -D_GNU_SOURCE conftest.c
configure:9880: $? = 0
configure:9899: result: yes
configure:9914: checking if you want to use the Xpm library for colored icon
configure:9924: result: yes
configure:9932: checking for X11/xpm.h
configure:9942: gcc -E  -D_GNU_SOURCE conftest.c
configure:9948: $? = 0
configure:9967: result: yes
configure:9971: checking for XpmCreatePixmapFromData in -lXpm
configure:9998: gcc -o conftest -g -O2  -D_GNU_SOURCE  conftest.c -lXpm -lX11  -lSM  -lICE  -lXt -lX11  -lncurses  >&5
configure:10001: $? = 0
configure:10004: test -s conftest
configure:10007: $? = 0
configure:10018: result: yes
configure:10040: checking if you want to link with Xaw 3d library
configure:10054: result: no
configure:10058: checking if you want to link with neXT Athena library
configure:10072: result: no
configure:10076: checking if you want to link with Athena-Plus library
configure:10090: result: no
configure:10110: testing found package xaw7 ...
configure:10116: testing package xaw7 CFLAGS:  ...
configure:10120: testing package xaw7 LIBS: -lXaw7 -lXt -lX11  ...
configure:10210: checking for usable Xaw/Xmu package
configure:10233: gcc -o conftest -g -O2  -D_GNU_SOURCE  conftest.c -lXaw7 -lXt -lX11  -lXpm -lSM  -lICE  -lXt -lX11  -lncurses  >&5
/usr/bin/ld: /tmp/ccZwk30Z.o: undefined reference to symbol 'XmuCompareISOLatin1'
/usr/bin/ld: /usr/lib/libXmu.so.6: error adding symbols: DSO missing from command line
collect2: error: ld returned 1 exit status
configure:10236: $? = 1
configure: failed program was:
#line 10217 "configure"
#include "confdefs.h"

#include <X11/Xmu/CharSet.h>

int
main ()
{

int check = XmuCompareISOLatin1("big", "small")

  ;
  return 0;
}
configure:10252: result: no
configure:10264: testing work around broken package ...
configure:10269: testing found package xmu ...
configure:10275: testing package xmu CFLAGS:  ...
configure:10279: testing package xmu LIBS: -lXmu -lXt -lX11  ...
configure:11641: checking for X11/Xpoll.h
configure:11676: result: yes
configure:11686: checking for declaration of fd_set
configure:11692: testing sys/types alone ...
configure:11708: gcc -c -g -O2  -D_GNU_SOURCE conftest.c >&5
configure:11711: $? = 0
configure:11714: test -s conftest.o
configure:11717: $? = 0
configure:11798: result: sys/types.h
configure:11808: checking for declaration of fd_mask
configure:11887: result: sys/types.h
configure:11897: checking for IRIX 6.5 baud-rate redefinitions
configure:11922: gcc -c -g -O2  -D_GNU_SOURCE conftest.c >&5
configure:11907:10: fatal error: sys/termio.h: No such file or directory
 #include <sys/types.h>
          ^~~~~~~~~~~~~ 
compilation terminated.
configure:11925: $? = 1
configure: failed program was:
#line 11904 "configure"
#include "confdefs.h"

#include <sys/types.h>
#include <sys/termio.h>
int
main ()
{

struct termio foo;
foo.c_ispeed = B38400;
foo.c_ospeed = B9600;

  ;
  return 0;
}
configure:11943: result: no
configure:11957: checking for stropts.h
configure:11967: gcc -E  -D_GNU_SOURCE conftest.c
configure:11973: $? = 0
configure:11992: result: yes
configure:12014: checking for grantpt
configure:12051: gcc -o conftest -g -O2  -D_GNU_SOURCE  conftest.c -lXmu -lXt -lX11  -lXaw7 -lXt -lX11  -lXpm -lSM  -lICE  -lXt -lX11  -lncurses   >&5
configure:12054: $? = 0
configure:12057: test -s conftest
configure:12060: $? = 0
configure:12070: result: yes
configure:12014: checking for ptsname
configure:12051: gcc -o conftest -g -O2  -D_GNU_SOURCE  conftest.c -lXmu -lXt -lX11  -lXaw7 -lXt -lX11  -lXpm -lSM  -lICE  -lXt -lX11  -lncurses   >&5
configure:12054: $? = 0
configure:12057: test -s conftest
configure:12060: $? = 0
configure:12070: result: yes
configure:12014: checking for posix_openpt
configure:12051: gcc -o conftest -g -O2  -D_GNU_SOURCE  conftest.c -lXmu -lXt -lX11  -lXaw7 -lXt -lX11  -lXpm -lSM  -lICE  -lXt -lX11  -lncurses   >&5
configure:12054: $? = 0
configure:12057: test -s conftest
configure:12060: $? = 0
configure:12070: result: yes
configure:12082: checking if grantpt really works
configure:12183: gcc -o conftest -g -O2  -D_GNU_SOURCE  conftest.c -lXmu -lXt -lX11  -lXaw7 -lXt -lX11  -lXpm -lSM  -lICE  -lXt -lX11  -lncurses   >&5
configure: In function 'failed':
configure:12105:2: warning: implicit declaration of function 'perror'; did you mean 'errno'? [-Wimplicit-function-declaration]
 {
  ^     
  errno
configure:12186: $? = 0
configure:12189: test -s conftest
configure:12192: $? = 0
configure:12295: gcc -o conftest -g -O2  -D_GNU_SOURCE  conftest.c -lXmu -lXt -lX11  -lXaw7 -lXt -lX11  -lXpm -lSM  -lICE  -lXt -lX11  -lncurses   >&5
configure: In function 'failed':
configure:12219:2: warning: implicit declaration of function 'perror'; did you mean 'errno'? [-Wimplicit-function-declaration]
 {
  ^     
  errno
configure:12298: $? = 0
configure:12300: ./conftest
configure:12303: $? = 0
configure:12322: result: yes
configure:12328: checking for pty features
configure:12344: testing pty feature test 1:5 ...
configure:12450: gcc -o conftest -g -O2  -D_GNU_SOURCE  conftest.c -lXmu -lXt -lX11  -lXaw7 -lXt -lX11  -lXpm -lSM  -lICE  -lXt -lX11  -lncurses   >&5
configure: In function 'failed':
configure:12374:2: warning: implicit declaration of function 'perror'; did you mean 'errno'? [-Wimplicit-function-declaration]
 {
  ^     
  errno
configure:12453: $? = 0
configure:12455: ./conftest
conftest: Inappropriate ioctl for device
configure:12458: $? = 10
configure: program exited with status 10
configure: failed program was:
#line 12352 "configure"
#include "confdefs.h"
#define CONFTEST 0


#include <stdlib.h>
#include <termios.h>
#include <unistd.h>
#include <signal.h>
#include <fcntl.h>
#include <errno.h>

#ifndef HAVE_POSIX_OPENPT
#undef posix_openpt
#define posix_openpt(mode) open("/dev/ptmx", mode)
#endif

#ifdef HAVE_STROPTS_H
#include <stropts.h>
#endif

static void failed(int code)
{
	perror("conftest");
	exit(code);
}

static void my_timeout(int sig)
{
	exit(99);
}

int main(void)
{

	int code = 0;
	int rc;
	int pty;
	int tty;
	char *slave;
	struct termios tio;

	signal(SIGALRM, my_timeout);

	if (alarm(2) == 9)
		failed(9);
	else if ((pty = posix_openpt(O_RDWR)) < 0)
		failed(1);
	else if ((rc = grantpt(pty)) < 0)
		failed(2);
	else if ((rc = unlockpt(pty)) < 0)
		failed(3);
	else if ((slave = ptsname(pty)) == 0)
		failed(4);
#if (CONFTEST == 3) || defined(CONFTEST_isatty)
	else if (!isatty(pty))
		failed(4);
#endif
#if CONFTEST >= 4
    else if ((rc = tcgetattr(pty, &tio)) < 0)
		failed(20);
    else if ((rc = tcsetattr(pty, TCSAFLUSH, &tio)) < 0)
		failed(21);
#endif
	/* BSD posix_openpt does not treat pty as a terminal until slave is opened.
	 * Linux does treat it that way.
	 */
	else if ((tty = open(slave, O_RDWR)) < 0)
		failed(5);
#ifdef CONFTEST
#ifdef I_PUSH
#if (CONFTEST == 0) || defined(CONFTEST_ptem)
    else if ((rc = ioctl(tty, I_PUSH, "ptem")) < 0)
		failed(10);
#endif
#if (CONFTEST == 1) || defined(CONFTEST_ldterm)
    else if ((rc = ioctl(tty, I_PUSH, "ldterm")) < 0)
		failed(11);
#endif
#if (CONFTEST == 2) || defined(CONFTEST_ttcompat)
    else if ((rc = ioctl(tty, I_PUSH, "ttcompat")) < 0)
		failed(12);
#endif
#endif /* I_PUSH */
#if CONFTEST >= 5
    else if ((rc = tcgetattr(tty, &tio)) < 0)
		failed(30);
    else if ((rc = tcsetattr(tty, TCSAFLUSH, &tio)) < 0)
		failed(31);
#endif
#endif /* CONFTEST */

	return(code);

}

configure:12490: testing skipping remaining streams features 0..2 ...
configure:12344: testing pty feature test 4:5 ...
configure:12450: gcc -o conftest -g -O2  -D_GNU_SOURCE  conftest.c -lXmu -lXt -lX11  -lXaw7 -lXt -lX11  -lXpm -lSM  -lICE  -lXt -lX11  -lncurses   >&5
configure: In function 'failed':
configure:12374:2: warning: implicit declaration of function 'perror'; did you mean 'errno'? [-Wimplicit-function-declaration]
 {
  ^     
  errno
configure:12453: $? = 0
configure:12455: ./conftest
configure:12458: $? = 0
configure:12344: testing pty feature test 5:5 ...
configure:12450: gcc -o conftest -g -O2  -D_GNU_SOURCE  conftest.c -lXmu -lXt -lX11  -lXaw7 -lXt -lX11  -lXpm -lSM  -lICE  -lXt -lX11  -lncurses   >&5
configure: In function 'failed':
configure:12376:2: warning: implicit declaration of function 'perror'; did you mean 'errno'? [-Wimplicit-function-declaration]
  exit(code);
  ^~~~~~
  errno
configure:12453: $? = 0
configure:12455: ./conftest
configure:12458: $? = 0
configure:12344: testing pty feature test 6:5 ...
configure:12450: gcc -o conftest -g -O2  -D_GNU_SOURCE  conftest.c -lXmu -lXt -lX11  -lXaw7 -lXt -lX11  -lXpm -lSM  -lICE  -lXt -lX11  -lncurses   >&5
configure: In function 'failed':
configure:12378:2: warning: implicit declaration of function 'perror'; did you mean 'errno'? [-Wimplicit-function-declaration]
 
  ^     
  errno
configure:12453: $? = 0
configure:12455: ./conftest
configure:12458: $? = 0
configure:12509: result:  pty_isatty pty_tcsetattr tty_tcsetattr
configure:12661: checking if we can use XkbQueryExtension
configure:12697: gcc -c -g -O2  -D_GNU_SOURCE conftest.c >&5
configure:12700: $? = 0
configure:12703: test -s conftest.o
configure:12706: $? = 0
configure:12721: result: yes
configure:12730: checking for XkbQueryExtension
configure:12767: gcc -o conftest -g -O2  -D_GNU_SOURCE  conftest.c -lXmu -lXt -lX11  -lXaw7 -lXt -lX11  -lXpm -lSM  -lICE  -lXt -lX11  -lncurses   >&5
configure:12770: $? = 0
configure:12773: test -s conftest
configure:12776: $? = 0
configure:12786: result: yes
configure:12798: checking if we can use XkbKeycodeToKeysym
configure:12822: gcc -c -g -O2  -D_GNU_SOURCE conftest.c >&5
configure:12825: $? = 0
configure:12828: test -s conftest.o
configure:12831: $? = 0
configure:12846: result: yes
configure:12855: checking for XkbKeycodeToKeysym
configure:12892: gcc -o conftest -g -O2  -D_GNU_SOURCE  conftest.c -lXmu -lXt -lX11  -lXaw7 -lXt -lX11  -lXpm -lSM  -lICE  -lXt -lX11  -lncurses   >&5
configure:12895: $? = 0
configure:12898: test -s conftest
configure:12901: $? = 0
configure:12911: result: yes
configure:12923: checking for XKB Bell extension
configure:12950: gcc -o conftest -g -O2  -D_GNU_SOURCE  conftest.c -lXmu -lXt -lX11  -lXaw7 -lXt -lX11  -lXpm -lSM  -lICE  -lXt -lX11  -lncurses   >&5
configure: In function 'main':
configure:12942:24: warning: passing argument 2 of 'XkbBell' makes integer from pointer without a cast [-Wint-conversion]
  Atom y;
                        ^        
In file included from configure:12933:
/usr/include/X11/XKBlib.h:457:2: note: expected 'Window' {aka 'long unsigned int'} but argument is of type 'struct _WidgetRec *'
  Window   /* win */,
  ^~~~~~
configure:12953: $? = 0
configure:12956: test -s conftest
configure:12959: $? = 0
configure:12970: result: yes
configure:12980: checking for Xutf8LookupString
configure:13017: gcc -o conftest -g -O2  -D_GNU_SOURCE  conftest.c -lXmu -lXt -lX11  -lXaw7 -lXt -lX11  -lXpm -lSM  -lICE  -lXt -lX11  -lncurses   >&5
configure:13020: $? = 0
configure:13023: test -s conftest
configure:13026: $? = 0
configure:13036: result: yes
configure:13052: checking if you want narrow prototypes for X libraries
configure:13078: result: yes
configure:13081: checking if we should use imake to help
configure:13098: result: yes
configure:13107: checking for xmkmf
configure:13138: result: no
configure:13107: checking for imake
configure:13138: result: no
configure:13293: testing IMAKE_CFLAGS  ...
configure:13297: testing IMAKE_LOADFLAGS  ...
configure:13386: testing make fallback definitions ...
configure:13540: checking for default terminal-id
configure:13550: result: vt420
configure:13561: checking for default terminal-type
configure:13571: result: xterm
configure:13579: checking if backarrow-key should be DEL
configure:13597: result: yes
configure:13618: checking if backarrow-key should be treated as erase
configure:13636: result: no
configure:13657: checking for default backspace/DEL setting
configure:13668: result: maybe
configure:13689: checking if alt should send ESC
configure:13707: result: no
configure:13728: checking if meta should send ESC
configure:13746: result: no
configure:13770: checking for tic
configure:13785: found /usr/bin/tic
configure:13794: result: yes
configure:13802: checking for private terminfo-directory
configure:13812: result: none
configure:13849: checking if you want active-icons
configure:13866: result: yes
configure:13876: checking if you want ANSI color
configure:13893: result: yes
configure:13902: checking if you want 16 colors like aixterm
configure:13919: result: yes
configure:13926: checking if you want 256 colors
configure:13943: result: no
configure:13954: checking if you want 88 colors
configure:13971: result: no
configure:13986: checking if you want blinking cursor
configure:14003: result: yes
configure:14010: checking if you want to ignore Linux's broken palette-strings
configure:14034: result: yes
configure:14050: checking if you want to allow broken string-terminators
configure:14067: result: yes
configure:14074: checking if you want printable 128-159
configure:14091: result: yes
configure:14100: checking if you want bold colors mapped like IBM PC
configure:14117: result: yes
configure:14124: checking if you want separate color-classes
configure:14141: result: yes
configure:14148: checking if you want color-mode enabled by default
configure:14165: result: yes
configure:14174: checking if you want support for color highlighting
configure:14191: result: yes
configure:14198: checking if you want support for doublesize characters
configure:14215: result: yes
configure:14222: checking if you want fallback-support for box characters
configure:14239: result: yes
configure:14246: checking if you want to allow spawning new xterms
configure:14263: result: no
configure:14305: checking if you want to use double-buffering
configure:14322: result: no
configure:14491: checking if you want to use FreeType library
configure:14508: result: yes
configure:14518: checking for FreeType configuration script
configure:14530: result: auto
configure:14710: checking for FreeType config
configure:14712: result: /usr/bin/pkg-config xft
configure:14716: checking for /usr/bin/pkg-config cflags
configure:14719: result: -I/usr/include/freetype2 -I/usr/include/libpng16 -I/usr/include/harfbuzz -I/usr/include/glib-2.0 -I/usr/lib/glib-2.0/include -I/usr/include/uuid 
configure:14724: checking for /usr/bin/pkg-config libs
configure:14727: result:  -lXft 
configure:14740: checking if we can link with FreeType libraries
configure:14766: gcc -o conftest -g -O2  -D_GNU_SOURCE  -DNARROWPROTO=1 -DFUNCPROTO=15 -DOSMAJORVERSION=5 -DOSMINORVERSION=0 -I/usr/include/freetype2 -I/usr/include/libpng16 -I/usr/include/harfbuzz -I/usr/include/glib-2.0 -I/usr/lib/glib-2.0/include -I/usr/include/uuid   conftest.c  -lXft  -lXmu -lXt -lX11  -lXaw7 -lXt -lX11  -lXpm -lSM  -lICE  -lXt -lX11  -lncurses   >&5
configure:14769: $? = 0
configure:14772: test -s conftest
configure:14775: $? = 0
configure:14784: result: yes
configure:14882: checking for XftDrawCharSpec
configure:14919: gcc -o conftest -g -O2  -D_GNU_SOURCE  -DNARROWPROTO=1 -DFUNCPROTO=15 -DOSMAJORVERSION=5 -DOSMINORVERSION=0  -I/usr/include/freetype2 -I/usr/include/libpng16 -I/usr/include/harfbuzz -I/usr/include/glib-2.0 -I/usr/lib/glib-2.0/include -I/usr/include/uuid  conftest.c  -lXft  -lXmu -lXt -lX11  -lXaw7 -lXt -lX11  -lXpm -lSM  -lICE  -lXt -lX11  -lncurses   >&5
configure:14922: $? = 0
configure:14925: test -s conftest
configure:14928: $? = 0
configure:14938: result: yes
configure:14882: checking for XftDrawSetClip
configure:14919: gcc -o conftest -g -O2  -D_GNU_SOURCE  -DNARROWPROTO=1 -DFUNCPROTO=15 -DOSMAJORVERSION=5 -DOSMINORVERSION=0  -I/usr/include/freetype2 -I/usr/include/libpng16 -I/usr/include/harfbuzz -I/usr/include/glib-2.0 -I/usr/lib/glib-2.0/include -I/usr/include/uuid  conftest.c  -lXft  -lXmu -lXt -lX11  -lXaw7 -lXt -lX11  -lXpm -lSM  -lICE  -lXt -lX11  -lncurses   >&5
configure:14922: $? = 0
configure:14925: test -s conftest
configure:14928: $? = 0
configure:14938: result: yes
configure:14882: checking for XftDrawSetClipRectangles
configure:14919: gcc -o conftest -g -O2  -D_GNU_SOURCE  -DNARROWPROTO=1 -DFUNCPROTO=15 -DOSMAJORVERSION=5 -DOSMINORVERSION=0  -I/usr/include/freetype2 -I/usr/include/libpng16 -I/usr/include/harfbuzz -I/usr/include/glib-2.0 -I/usr/lib/glib-2.0/include -I/usr/include/uuid  conftest.c  -lXft  -lXmu -lXt -lX11  -lXaw7 -lXt -lX11  -lXpm -lSM  -lICE  -lXt -lX11  -lncurses   >&5
configure:14922: $? = 0
configure:14925: test -s conftest
configure:14928: $? = 0
configure:14938: result: yes
configure:14957: checking for usable Xft/fontconfig package
configure:14983: gcc -o conftest -g -O2  -D_GNU_SOURCE  -DNARROWPROTO=1 -DFUNCPROTO=15 -DOSMAJORVERSION=5 -DOSMINORVERSION=0  -I/usr/include/freetype2 -I/usr/include/libpng16 -I/usr/include/harfbuzz -I/usr/include/glib-2.0 -I/usr/lib/glib-2.0/include -I/usr/include/uuid  conftest.c  -lXft  -lXmu -lXt -lX11  -lXaw7 -lXt -lX11  -lXpm -lSM  -lICE  -lXt -lX11  -lncurses   >&5
/usr/bin/ld: /tmp/cca0pwif.o: undefined reference to symbol 'FcPatternBuild'
/usr/bin/ld: /usr/lib/libfontconfig.so.1: error adding symbols: DSO missing from command line
collect2: error: ld returned 1 exit status
configure:14986: $? = 1
configure: failed program was:
#line 14964 "configure"
#include "confdefs.h"

#include <X11/Xft/Xft.h>

int
main ()
{

	XftPattern *pat;
	XftPatternBuild(pat,
					XFT_FAMILY, XftTypeString, "mono",
					(void *) 0);

  ;
  return 0;
}
configure:15003: result: no
configure:15015: testing work around broken package ...
configure:15020: testing found package fontconfig ...
configure:15026: testing package fontconfig CFLAGS: -I/usr/include/freetype2 -I/usr/include/libpng16 -I/usr/include/harfbuzz -I/usr/include/glib-2.0 -I/usr/lib/glib-2.0/include -I/usr/include/uuid  ...
configure:15030: testing package fontconfig LIBS: -lfontconfig -lfreetype  ...
configure:15134: checking if you want support for HP-style function keys
configure:15151: result: no
configure:15161: checking if you want support for SCO-style function keys
configure:15178: result: no
configure:15188: checking if you want support for Sun-style function keys
configure:15205: result: yes
configure:15215: checking if you want saved-lines stored as a FIFO
configure:15232: result: yes
configure:15242: checking if you want support for internationalization
configure:15259: result: yes
configure:15269: checking if you want support for initial-erase setup
configure:15286: result: yes
configure:15296: checking if you want support for input-method
configure:15313: result: yes
configure:15316: checking if X libraries support input-method
configure:15355: gcc -o conftest -g -O2  -D_GNU_SOURCE  -DNARROWPROTO=1 -DFUNCPROTO=15 -DOSMAJORVERSION=5 -DOSMINORVERSION=0  -I/usr/include/freetype2 -I/usr/include/libpng16 -I/usr/include/harfbuzz -I/usr/include/glib-2.0 -I/usr/lib/glib-2.0/include -I/usr/include/uuid  -I/usr/include/freetype2 -I/usr/include/libpng16 -I/usr/include/harfbuzz -I/usr/include/glib-2.0 -I/usr/lib/glib-2.0/include  conftest.c -lfontconfig -lfreetype   -lXft  -lXmu -lXt -lX11  -lXaw7 -lXt -lX11  -lXpm -lSM  -lICE  -lXt -lX11  -lncurses   >&5
configure:15358: $? = 0
configure:15361: test -s conftest
configure:15364: $? = 0
configure:15374: result: yes
configure:15386: checking if you want support for load-vt-fonts
configure:15403: result: no
configure:15413: checking if you want support for logging
configure:15430: result: no
configure:15466: checking if you want support for iconify/maximize translations
configure:15483: result: yes
configure:15490: checking if you want NumLock to override keyboard tables
configure:15507: result: yes
configure:15514: checking if you want support for get/set of base64 selection data
configure:15531: result: yes
configure:15547: checking if you want support for pty-handshaking
configure:15564: result: yes
configure:15580: checking if you want support for mouse in readline applications
configure:15597: result: no
configure:15607: checking if you want support for regular-expression selections
configure:15624: result: yes
configure:15628: checking if you want to use PCRE for regular-expressions
configure:15637: result: no
configure:15947: checking for regcomp
configure:15984: gcc -o conftest -g -O2  -D_GNU_SOURCE  -DNARROWPROTO=1 -DFUNCPROTO=15 -DOSMAJORVERSION=5 -DOSMINORVERSION=0  -I/usr/include/freetype2 -I/usr/include/libpng16 -I/usr/include/harfbuzz -I/usr/include/glib-2.0 -I/usr/lib/glib-2.0/include -I/usr/include/uuid  -I/usr/include/freetype2 -I/usr/include/libpng16 -I/usr/include/harfbuzz -I/usr/include/glib-2.0 -I/usr/lib/glib-2.0/include  conftest.c -lfontconfig -lfreetype   -lXft  -lXmu -lXt -lX11  -lXaw7 -lXt -lX11  -lXpm -lSM  -lICE  -lXt -lX11  -lncurses   >&5
configure:15987: $? = 0
configure:15990: test -s conftest
configure:15993: $? = 0
configure:16003: result: yes
configure:16199: checking for regular-expression headers
configure:16270: gcc -o conftest -g -O2  -D_GNU_SOURCE  -DNARROWPROTO=1 -DFUNCPROTO=15 -DOSMAJORVERSION=5 -DOSMINORVERSION=0  -I/usr/include/freetype2 -I/usr/include/libpng16 -I/usr/include/harfbuzz -I/usr/include/glib-2.0 -I/usr/lib/glib-2.0/include -I/usr/include/uuid  -I/usr/include/freetype2 -I/usr/include/libpng16 -I/usr/include/harfbuzz -I/usr/include/glib-2.0 -I/usr/lib/glib-2.0/include  conftest.c -lfontconfig -lfreetype   -lXft  -lXmu -lXt -lX11  -lXaw7 -lXt -lX11  -lXpm -lSM  -lICE  -lXt -lX11  -lncurses   >&5
configure:16273: $? = 0
configure:16276: test -s conftest
configure:16279: $? = 0
configure:16295: result: regex.h
configure:16331: checking if you want support for right-scrollbar
configure:16348: result: yes
configure:16358: checking if you want check for redundant name-change
configure:16375: result: yes
configure:16382: checking if you want support for selection-actions
configure:16399: result: yes
configure:16406: checking if you want support for session management
configure:16423: result: yes
configure:16430: checking if you want to use termcap function-keys
configure:16447: result: yes
configure:16454: checking if you want to use termcap-query/report
configure:16471: result: yes
configure:16478: checking if you want support for tek4014
configure:16495: result: yes
configure:16509: checking if you want pulldown menus with a toolbar
configure:16526: result: no
configure:16536: checking if you want VT52 emulation
configure:16553: result: yes
configure:16560: checking if you want to use mini-luit/Latin9 built-in support
configure:16577: result: no
configure:16587: checking if you want to use luit
configure:16604: result: no
configure:16722: checking if you want wide-character support
configure:16739: result: no
configure:16742: checking if you want only 16-bit character support
configure:16759: result: no
configure:16782: checking if you want dynamic-abbreviation support
configure:16799: result: no
configure:16809: checking if you want DECterm Locator support
configure:16826: result: no
configure:16836: checking if you want VT420 rectangle support
configure:16853: result: yes
configure:16863: checking if you want -ziconbeep option
configure:16880: result: yes
configure:16889: checking if you want debugging traces
configure:16906: result: no
configure:16918: checking if you want to use dmalloc for testing
configure:16935: result: no
configure:17130: checking if you want to use dbmalloc for testing
configure:17147: result: no
configure:17342: checking if you want to use valgrind for testing
configure:17359: result: no
configure:17452: checking if you want to perform memory-leak testing
configure:17462: result: no
configure:17477: checking if you want to see long compiling messages
configure:17511: result: yes
configure:17514: checking if you want magic cookie emulation
configure:17531: result: no
configure:17546: checking for tigetstr
configure:17583: gcc -o conftest -g -O2  -D_GNU_SOURCE  -DNARROWPROTO=1 -DFUNCPROTO=15 -DOSMAJORVERSION=5 -DOSMINORVERSION=0  -I/usr/include/freetype2 -I/usr/include/libpng16 -I/usr/include/harfbuzz -I/usr/include/glib-2.0 -I/usr/lib/glib-2.0/include -I/usr/include/uuid  -I/usr/include/freetype2 -I/usr/include/libpng16 -I/usr/include/harfbuzz -I/usr/include/glib-2.0 -I/usr/lib/glib-2.0/include  conftest.c -lfontconfig -lfreetype   -lXft  -lXmu -lXt -lX11  -lXaw7 -lXt -lX11  -lXpm -lSM  -lICE  -lXt -lX11  -lncurses   >&5
configure:17586: $? = 0
configure:17589: test -s conftest
configure:17592: $? = 0
configure:17602: result: yes
configure:17617: checking for use_extended_names
configure:17654: gcc -o conftest -g -O2  -D_GNU_SOURCE  -DNARROWPROTO=1 -DFUNCPROTO=15 -DOSMAJORVERSION=5 -DOSMINORVERSION=0  -I/usr/include/freetype2 -I/usr/include/libpng16 -I/usr/include/harfbuzz -I/usr/include/glib-2.0 -I/usr/lib/glib-2.0/include -I/usr/include/uuid  -I/usr/include/freetype2 -I/usr/include/libpng16 -I/usr/include/harfbuzz -I/usr/include/glib-2.0 -I/usr/lib/glib-2.0/include  conftest.c -lfontconfig -lfreetype   -lXft  -lXmu -lXt -lX11  -lXaw7 -lXt -lX11  -lXpm -lSM  -lICE  -lXt -lX11  -lncurses   >&5
configure:17657: $? = 0
configure:17660: test -s conftest
configure:17663: $? = 0
configure:17673: result: yes
configure:17686: checking if you want to turn on gcc warnings
configure:17703: result: no
configure:18091: checking if filesystem supports mixed-case filenames
configure:18118: result: yes
configure:18129: checking for exctags
configure:18155: result: no
configure:18129: checking for ctags
configure:18155: result: no
configure:18166: checking for exetags
configure:18192: result: no
configure:18166: checking for etags
configure:18192: result: no
configure:18201: checking for ctags
configure:18225: result: no
configure:18235: checking for etags
configure:18259: result: no
configure:18283: checking for an rpath option
configure:18314: result: -Wl,-rpath,
configure:18361: checking if rpath-hack should be disabled
configure:18378: result: no
configure:18382: checking for updated LDFLAGS
configure:18385: result: maybe
configure:18392: checking for ldd
configure:18407: found /usr/bin/ldd
configure:18415: result: ldd
configure:18444: gcc -o conftest -g -O2  -D_GNU_SOURCE  -DNARROWPROTO=1 -DFUNCPROTO=15 -DOSMAJORVERSION=5 -DOSMINORVERSION=0  -I/usr/include/freetype2 -I/usr/include/libpng16 -I/usr/include/harfbuzz -I/usr/include/glib-2.0 -I/usr/lib/glib-2.0/include -I/usr/include/uuid  -I/usr/include/freetype2 -I/usr/include/libpng16 -I/usr/include/harfbuzz -I/usr/include/glib-2.0 -I/usr/lib/glib-2.0/include  conftest.c -lfontconfig -lfreetype   -lXft  -lXmu -lXt -lX11  -lXaw7 -lXt -lX11  -lXpm -lSM  -lICE  -lXt -lX11  -lncurses   >&5
configure:18447: $? = 0
configure:18450: test -s conftest
configure:18453: $? = 0
configure:18493: testing ...checking EXTRA_LDFLAGS  ...
configure:18497: testing ...checking LDFLAGS  ...
configure:18547: testing ...checked LDFLAGS  ...
configure:18551: testing ...checking LIBS -lfontconfig -lfreetype   -lXft  -lXmu -lXt -lX11  -lXaw7 -lXt -lX11  -lXpm -lSM  -lICE  -lXt -lX11  -lncurses   ...
configure:18601: testing ...checked LIBS  -lfontconfig -lfreetype -lXft -lXmu -lXt -lX11 -lXaw7 -lXt -lX11 -lXpm -lSM -lICE -lXt -lX11 -lncurses ...
configure:18605: testing ...checked EXTRA_LDFLAGS  ...
configure:18699: creating ./config.status

## ----------------------- ##
## Running config.status.  ##
## ----------------------- ##

This file was extended by config.status 2.52.20121002, executed with
  CONFIG_FILES    = 
  CONFIG_HEADERS  = 
  CONFIG_LINKS    = 
  CONFIG_COMMANDS = 
  > ./config.status 
on nora-pc

config.status:19214: creating Makefile
config.status:19214: creating df-install
config.status:19214: creating minstall
config.status:19367: creating xtermcfg.h
config.status:19509: xtermcfg.h is unchanged

## ----------------- ##
## Cache variables.  ##
## ----------------- ##

ac_cv_build=x86_64-unknown-linux-gnu
ac_cv_build_alias=x86_64-unknown-linux-gnu
ac_cv_c_compiler_gnu=yes
ac_cv_env_CC_set=
ac_cv_env_CC_value=
ac_cv_env_CFLAGS_set=
ac_cv_env_CFLAGS_value=
ac_cv_env_CPPFLAGS_set=
ac_cv_env_CPPFLAGS_value=
ac_cv_env_CPP_set=
ac_cv_env_CPP_value=
ac_cv_env_LDFLAGS_set=
ac_cv_env_LDFLAGS_value=
ac_cv_env_build_alias_set=
ac_cv_env_build_alias_value=
ac_cv_env_host_alias_set=
ac_cv_env_host_alias_value=
ac_cv_env_target_alias_set=
ac_cv_env_target_alias_value=
ac_cv_func_XftDrawCharSpec=yes
ac_cv_func_XftDrawSetClip=yes
ac_cv_func_XftDrawSetClipRectangles=yes
ac_cv_func_XkbKeycodeToKeysym=yes
ac_cv_func_XkbQueryExtension=yes
ac_cv_func_Xutf8LookupString=yes
ac_cv_func_connect=yes
ac_cv_func_gethostbyname=yes
ac_cv_func_gethostname=yes
ac_cv_func_getlogin=yes
ac_cv_func_grantpt=yes
ac_cv_func_posix_openpt=yes
ac_cv_func_ptsname=yes
ac_cv_func_putenv=yes
ac_cv_func_regcomp=yes
ac_cv_func_remove=yes
ac_cv_func_sched_yield=yes
ac_cv_func_setpgid=yes
ac_cv_func_shmat=yes
ac_cv_func_strftime=yes
ac_cv_func_tcgetattr=yes
ac_cv_func_tigetstr=yes
ac_cv_func_unsetenv=yes
ac_cv_func_use_extended_names=yes
ac_cv_func_waitpid=yes
ac_cv_func_wcswidth=yes
ac_cv_func_wcwidth=yes
ac_cv_have_x='have_x=yes 		ac_x_includes= ac_x_libraries='
ac_cv_header_X11_DECkeysym_h=yes
ac_cv_header_X11_Intrinsic_h=yes
ac_cv_header_X11_Sunkeysym_h=yes
ac_cv_header_X11_XF86keysym_h=yes
ac_cv_header_X11_XKBlib_h=yes
ac_cv_header_X11_Xpoll_h=yes
ac_cv_header_X11_extensions_XKB_h=yes
ac_cv_header_X11_xpm_h=yes
ac_cv_header_inttypes_h=yes
ac_cv_header_lastlog_h=yes
ac_cv_header_memory_h=yes
ac_cv_header_ncurses_curses_h=no
ac_cv_header_ncurses_term_h=no
ac_cv_header_paths_h=yes
ac_cv_header_stdc=yes
ac_cv_header_stdint_h=yes
ac_cv_header_stdlib_h=yes
ac_cv_header_string_h=yes
ac_cv_header_strings_h=yes
ac_cv_header_stropts_h=yes
ac_cv_header_sys_param_h=yes
ac_cv_header_sys_ptem_h=no
ac_cv_header_sys_stat_h=yes
ac_cv_header_sys_ttydefaults_h=yes
ac_cv_header_sys_types_h=yes
ac_cv_header_sys_wait_h=yes
ac_cv_header_term_h=yes
ac_cv_header_termcap_h=yes
ac_cv_header_termios_h=yes
ac_cv_header_time=yes
ac_cv_header_unistd_h=yes
ac_cv_header_wchar_h=yes
ac_cv_host=x86_64-unknown-linux-gnu
ac_cv_host_alias=x86_64-unknown-linux-gnu
ac_cv_lib_ICE_IceConnectionNumber=yes
ac_cv_lib_Xpm_XpmCreatePixmapFromData=yes
ac_cv_lib_elf_elf_begin=yes
ac_cv_objext=o
ac_cv_path_GROFF_PATH=/usr/bin/groff
ac_cv_path_XTERM_PATH=/usr/bin/xterm
ac_cv_path_ac_pt_PKG_CONFIG=/usr/bin/pkg-config
ac_cv_path_install='/usr/bin/install -c'
ac_cv_prog_AWK=gawk
ac_cv_prog_CPP='gcc -E'
ac_cv_prog_MAKE_LOWER_TAGS=no
ac_cv_prog_MAKE_UPPER_TAGS=no
ac_cv_prog_ac_ct_CC=gcc
ac_cv_prog_cc_g=yes
ac_cv_prog_cc_stdc=
ac_cv_prog_cf_ldd_prog=ldd
ac_cv_prog_cf_tic_prog=yes
ac_cv_prog_desktop_utils=yes
ac_cv_type_mode_t=yes
ac_cv_type_off_t=yes
ac_cv_type_pid_t=yes
ac_cv_type_time_t=yes
ac_cv_type_uid_t=yes
am_cv_langinfo_codeset=yes
cf_cv_dcl_errno=yes
cf_cv_dcl_sys_errlist=yes
cf_cv_dcl_sys_nerr=yes
cf_cv_define_sigwinch=yes
cf_cv_found_freetype=yes
cf_cv_gnu_source=yes
cf_cv_have_errno=no
cf_cv_have_sys_errlist=yes
cf_cv_have_sys_nerr=yes
cf_cv_have_utmp=utmp
cf_cv_have_utmp_ut_host=yes
cf_cv_have_utmp_ut_name=ut_name
cf_cv_have_utmp_ut_session=yes
cf_cv_have_utmp_ut_syslen=no
cf_cv_have_utmp_ut_xstatus=ut_exit.e_exit
cf_cv_have_utmp_ut_xtime=yes
cf_cv_input_method=yes
cf_cv_lib_part_tgetent=-lncurses
cf_cv_lib_tgetent=no
cf_cv_mixedcase=yes
cf_cv_path_lastlog=_PATH_LASTLOG
cf_cv_posix_saved_ids=yes
cf_cv_posix_wait=yes
cf_cv_regex_hdrs=regex.h
cf_cv_sig_atomic_t='volatile sig_atomic_t'
cf_cv_struct_lastlog=no
cf_cv_svr4=no
cf_cv_system_name=linux-gnu
cf_cv_sysv=no
cf_cv_sysv_utmp=yes
cf_cv_termio_c_ispeed=no
cf_cv_tty_group=yes
cf_cv_tty_group_name=tty
cf_cv_type_cc_t=yes
cf_cv_type_fd_mask=sys/types.h
cf_cv_type_fd_set=sys/types.h
cf_cv_x_freetype_cfgs=auto
cf_cv_x_freetype_incs='-I/usr/include/freetype2 -I/usr/include/libpng16 -I/usr/include/harfbuzz -I/usr/include/glib-2.0 -I/usr/lib/glib-2.0/include -I/usr/include/uuid '
cf_cv_x_freetype_libs=' -lXft '
cf_cv_xaw_compat=no
cf_cv_xft_compat=no
cf_cv_xkb_bell_ext=yes
cf_cv_xkb_keycode_to_keysym=yes
cf_cv_xkb_query_extension=yes
cf_cv_xt_ice_compat=no

## ------------ ##
## confdefs.h.  ##
## ------------ ##

#define SYSTEM_NAME "linux-gnu"
#define HAVE_STDLIB_H 1
#define HAVE_SYS_TTYDEFAULTS_H 1
#define HAVE_TERM_H 1
#define HAVE_TERMIOS_H 1
#define HAVE_UNISTD_H 1
#define HAVE_WCHAR_H 1
#define TIME_WITH_SYS_TIME 1
#define HAVE_LANGINFO_CODESET 1
#define SIG_ATOMIC_T volatile sig_atomic_t
#define STDC_HEADERS 1
#define HAVE_SYS_TYPES_H 1
#define HAVE_SYS_STAT_H 1
#define HAVE_STDLIB_H 1
#define HAVE_STRING_H 1
#define HAVE_MEMORY_H 1
#define HAVE_STRINGS_H 1
#define HAVE_INTTYPES_H 1
#define HAVE_STDINT_H 1
#define HAVE_UNISTD_H 1
#define HAVE_GETHOSTNAME 1
#define HAVE_GETLOGIN 1
#define HAVE_PUTENV 1
#define HAVE_UNSETENV 1
#define HAVE_SCHED_YIELD 1
#define HAVE_SETPGID 1
#define HAVE_STRFTIME 1
#define HAVE_TCGETATTR 1
#define HAVE_WAITPID 1
#define HAVE_WCSWIDTH 1
#define HAVE_WCWIDTH 1
#define HAVE_LASTLOG_H 1
#define HAVE_PATHS_H 1
#define USE_LASTLOG 1
#define HAVE_UTMP 1
#define HAVE_UTMP_UT_HOST 1
#define HAVE_UTMP_UT_XSTATUS 1
#define ut_xstatus ut_exit.e_exit
#define HAVE_UTMP_UT_XTIME 1
#define HAVE_UTMP_UT_SESSION 1
#define USE_SYSV_UTMP 1
#define HAVE_LASTLOG_H 1
#define HAVE_SYS_PARAM_H 1
#define HAVE_POSIX_SAVED_IDS 1
#define HAVE_TERMCAP_H 1
#define USE_TERMINFO 1
#define XTERM_PATH_PATH "/usr/bin/xterm"
#define TTY_GROUP_NAME "tty"
#define USE_TTY_GROUP 1
#define HAVE_SYS_WAIT_H 1
#define USE_POSIX_WAIT 1
#define HAVE_SYS_NERR 1
#define HAVE_SYS_ERRLIST 1
#define HAVE_TERMIOS_H 1
#define HAVE_STDLIB_H 1
#define HAVE_X11_INTRINSIC_H 1
#define HAVE_X11_DECKEYSYM_H 1
#define HAVE_X11_SUNKEYSYM_H 1
#define HAVE_X11_XF86KEYSYM_H 1
#define HAVE_X11_XKBLIB_H 1
#define HAVE_X11_XPOLL_H 1
#define HAVE_X11_EXTENSIONS_XKB_H 1
#define HAVE_LIBXPM 1
#define HAVE_LIB_XAW 1
#define HAVE_X11_XPOLL_H 1
#define HAVE_STROPTS_H 1
#define HAVE_GRANTPT 1
#define HAVE_PTSNAME 1
#define HAVE_POSIX_OPENPT 1
#define HAVE_WORKING_GRANTPT 1
#define HAVE_GRANTPT_PTY_ISATTY 1
#define HAVE_GRANTPT_PTY_TCSETATTR 1
#define HAVE_GRANTPT_TTY_TCSETATTR 1
#define HAVE_XKBQUERYEXTENSION 1
#define HAVE_XKBKEYCODETOKEYSYM 1
#define HAVE_XKB_BELL_EXT 1
#define HAVE_XUTF8LOOKUPSTRING 1
#define DFT_DECID "420"
#define DFT_TERMTYPE "xterm"
#define DEF_BACKARO_DEL True
#define DEF_BACKARO_ERASE False
#define DEFDELETE_DEL Maybe
#define DEF_ALT_SENDS_ESC False
#define DEF_META_SENDS_ESC False
#define OPT_BROKEN_OSC 1
#define XRENDERFONT 1
#define HAVE_XFTDRAWCHARSPEC 1
#define HAVE_XFTDRAWSETCLIP 1
#define HAVE_XFTDRAWSETCLIPRECTANGLES 1
#define OPT_FIFO_LINES 1
#define OPT_PASTE64 1
#define OPT_PTY_HANDSHAKE 1
#define HAVE_REGEX_H_FUNCS 1
#define OPT_SELECT_REGEX 1
#define SCROLLBAR_RIGHT 1
#define OPT_TCAP_FKEYS 1
#define OPT_TCAP_QUERY 1
#define OPT_DEC_RECTOPS 1
#define HAVE_TIGETSTR 1
#define HAVE_USE_EXTENDED_NAMES 1
#define MIXEDCASE_FILENAMES 1


configure: exit 0
